# JRE version: OpenJDK Runtime Environment (11.0.10) (build 11.0.10+0-b96-7249189)
# Java VM: OpenJDK 64-Bit Server VM (11.0.10+0-b96-7249189, mixed mode, tiered, compressed oops, serial gc, linux-amd64)
Heap:
 def new generation   total 48192K, used 5312K [0x0000000080000000, 0x0000000083440000, 0x00000000aaaa0000)
  eden space 42880K,   0% used [0x0000000080000000, 0x0000000080000000, 0x00000000829e0000)
  from space 5312K, 100% used [0x0000000082f10000, 0x0000000083440000, 0x0000000083440000)
  to   space 5312K,   0% used [0x00000000829e0000, 0x00000000829e0000, 0x0000000082f10000)
 tenured generation   total 119700K, used 119639K [0x00000000aaaa0000, 0x00000000b1f85000, 0x0000000100000000)
   the space 119700K,  99% used [0x00000000aaaa0000, 0x00000000b1f75e90, 0x00000000b1f76000, 0x00000000b1f85000)
 Metaspace       used 113656K, capacity 116896K, committed 117120K, reserved 1150976K
  class space    used 14647K, capacity 15937K, committed 16000K, reserved 1048576K
GC Heap History (20 events):
Event: 982,047 GC heap after
{Heap after GC invocations=49 (full 4):
 def new generation   total 48192K, used 4290K [0x0000000080000000, 0x0000000083440000, 0x00000000aaaa0000)
  eden space 42880K,   0% used [0x0000000080000000, 0x0000000080000000, 0x00000000829e0000)
  from space 5312K,  80% used [0x0000000082f10000, 0x00000000833409f0, 0x0000000083440000)
  to   space 5312K,   0% used [0x00000000829e0000, 0x00000000829e0000, 0x0000000082f10000)
 tenured generation   total 106644K, used 84340K [0x00000000aaaa0000, 0x00000000b12c5000, 0x0000000100000000)
   the space 106644K,  79% used [0x00000000aaaa0000, 0x00000000afcfd318, 0x00000000afcfd400, 0x00000000b12c5000)
 Metaspace       used 107848K, capacity 110817K, committed 111104K, reserved 1144832K
  class space    used 14208K, capacity 15331K, committed 15360K, reserved 1048576K
}
Event: 1011,953 GC heap before
{Heap before GC invocations=49 (full 4):
 def new generation   total 48192K, used 47170K [0x0000000080000000, 0x0000000083440000, 0x00000000aaaa0000)
  eden space 42880K, 100% used [0x0000000080000000, 0x00000000829e0000, 0x00000000829e0000)
  from space 5312K,  80% used [0x0000000082f10000, 0x00000000833409f0, 0x0000000083440000)
  to   space 5312K,   0% used [0x00000000829e0000, 0x00000000829e0000, 0x0000000082f10000)
 tenured generation   total 106644K, used 84340K [0x00000000aaaa0000, 0x00000000b12c5000, 0x0000000100000000)
   the space 106644K,  79% used [0x00000000aaaa0000, 0x00000000afcfd318, 0x00000000afcfd400, 0x00000000b12c5000)
 Metaspace       used 108351K, capacity 111362K, committed 111744K, reserved 1144832K
  class space    used 14226K, capacity 15374K, committed 15488K, reserved 1048576K
}
Event: 1012,057 GC heap after
{Heap after GC invocations=50 (full 4):
 def new generation   total 48192K, used 3235K [0x0000000080000000, 0x0000000083440000, 0x00000000aaaa0000)
  eden space 42880K,   0% used [0x0000000080000000, 0x0000000080000000, 0x00000000829e0000)
  from space 5312K,  60% used [0x00000000829e0000, 0x0000000082d08e20, 0x0000000082f10000)
  to   space 5312K,   0% used [0x0000000082f10000, 0x0000000082f10000, 0x0000000083440000)
 tenured generation   total 106644K, used 88499K [0x00000000aaaa0000, 0x00000000b12c5000, 0x0000000100000000)
   the space 106644K,  82% used [0x00000000aaaa0000, 0x00000000b010ce98, 0x00000000b010d000, 0x00000000b12c5000)
 Metaspace       used 108351K, capacity 111362K, committed 111744K, reserved 1144832K
  class space    used 14226K, capacity 15374K, committed 15488K, reserved 1048576K
}
Event: 1016,709 GC heap before
{Heap before GC invocations=50 (full 4):
 def new generation   total 48192K, used 45625K [0x0000000080000000, 0x0000000083440000, 0x00000000aaaa0000)
  eden space 42880K,  98% used [0x0000000080000000, 0x0000000082965848, 0x00000000829e0000)
  from space 5312K,  60% used [0x00000000829e0000, 0x0000000082d08e20, 0x0000000082f10000)
  to   space 5312K,   0% used [0x0000000082f10000, 0x0000000082f10000, 0x0000000083440000)
 tenured generation   total 106644K, used 88499K [0x00000000aaaa0000, 0x00000000b12c5000, 0x0000000100000000)
   the space 106644K,  82% used [0x00000000aaaa0000, 0x00000000b010ce98, 0x00000000b010d000, 0x00000000b12c5000)
 Metaspace       used 110482K, capacity 113752K, committed 114048K, reserved 1146880K
  class space    used 14454K, capacity 15702K, committed 15744K, reserved 1048576K
}
Event: 1016,739 GC heap after
{Heap after GC invocations=51 (full 4):
 def new generation   total 48192K, used 1282K [0x0000000080000000, 0x0000000083440000, 0x00000000aaaa0000)
  eden space 42880K,   0% used [0x0000000080000000, 0x0000000080000000, 0x00000000829e0000)
  from space 5312K,  24% used [0x0000000082f10000, 0x0000000083050860, 0x0000000083440000)
  to   space 5312K,   0% used [0x00000000829e0000, 0x00000000829e0000, 0x0000000082f10000)
 tenured generation   total 106644K, used 91625K [0x00000000aaaa0000, 0x00000000b12c5000, 0x0000000100000000)
   the space 106644K,  85% used [0x00000000aaaa0000, 0x00000000b041a688, 0x00000000b041a800, 0x00000000b12c5000)
 Metaspace       used 110482K, capacity 113752K, committed 114048K, reserved 1146880K
  class space    used 14454K, capacity 15702K, committed 15744K, reserved 1048576K
}
Event: 1238,097 GC heap before
{Heap before GC invocations=51 (full 4):
 def new generation   total 48192K, used 44162K [0x0000000080000000, 0x0000000083440000, 0x00000000aaaa0000)
  eden space 42880K, 100% used [0x0000000080000000, 0x00000000829e0000, 0x00000000829e0000)
  from space 5312K,  24% used [0x0000000082f10000, 0x0000000083050860, 0x0000000083440000)
  to   space 5312K,   0% used [0x00000000829e0000, 0x00000000829e0000, 0x0000000082f10000)
 tenured generation   total 106644K, used 91625K [0x00000000aaaa0000, 0x00000000b12c5000, 0x0000000100000000)
   the space 106644K,  85% used [0x00000000aaaa0000, 0x00000000b041a688, 0x00000000b041a800, 0x00000000b12c5000)
 Metaspace       used 110744K, capacity 113942K, committed 114048K, reserved 1146880K
  class space    used 14460K, capacity 15713K, committed 15744K, reserved 1048576K
}
Event: 1238,213 GC heap after
{Heap after GC invocations=52 (full 4):
 def new generation   total 48192K, used 4213K [0x0000000080000000, 0x0000000083440000, 0x00000000aaaa0000)
  eden space 42880K,   0% used [0x0000000080000000, 0x0000000080000000, 0x00000000829e0000)
  from space 5312K,  79% used [0x00000000829e0000, 0x0000000082dfd4e8, 0x0000000082f10000)
  to   space 5312K,   0% used [0x0000000082f10000, 0x0000000082f10000, 0x0000000083440000)
 tenured generation   total 106644K, used 91625K [0x00000000aaaa0000, 0x00000000b12c5000, 0x0000000100000000)
   the space 106644K,  85% used [0x00000000aaaa0000, 0x00000000b041a688, 0x00000000b041a800, 0x00000000b12c5000)
 Metaspace       used 110744K, capacity 113942K, committed 114048K, reserved 1146880K
  class space    used 14460K, capacity 15713K, committed 15744K, reserved 1048576K
}
Event: 1262,307 GC heap before
{Heap before GC invocations=52 (full 4):
 def new generation   total 48192K, used 47093K [0x0000000080000000, 0x0000000083440000, 0x00000000aaaa0000)
  eden space 42880K, 100% used [0x0000000080000000, 0x00000000829e0000, 0x00000000829e0000)
  from space 5312K,  79% used [0x00000000829e0000, 0x0000000082dfd4e8, 0x0000000082f10000)
  to   space 5312K,   0% used [0x0000000082f10000, 0x0000000082f10000, 0x0000000083440000)
 tenured generation   total 106644K, used 91625K [0x00000000aaaa0000, 0x00000000b12c5000, 0x0000000100000000)
   the space 106644K,  85% used [0x00000000aaaa0000, 0x00000000b041a688, 0x00000000b041a800, 0x00000000b12c5000)
 Metaspace       used 111028K, capacity 114309K, committed 114560K, reserved 1148928K
  class space    used 14466K, capacity 15724K, committed 15744K, reserved 1048576K
}
Event: 1262,415 GC heap after
{Heap after GC invocations=53 (full 4):
 def new generation   total 48192K, used 3277K [0x0000000080000000, 0x0000000083440000, 0x00000000aaaa0000)
  eden space 42880K,   0% used [0x0000000080000000, 0x0000000080000000, 0x00000000829e0000)
  from space 5312K,  61% used [0x0000000082f10000, 0x00000000832434c0, 0x0000000083440000)
  to   space 5312K,   0% used [0x00000000829e0000, 0x00000000829e0000, 0x0000000082f10000)
 tenured generation   total 106644K, used 95707K [0x00000000aaaa0000, 0x00000000b12c5000, 0x0000000100000000)
   the space 106644K,  89% used [0x00000000aaaa0000, 0x00000000b0816c08, 0x00000000b0816e00, 0x00000000b12c5000)
 Metaspace       used 111028K, capacity 114309K, committed 114560K, reserved 1148928K
  class space    used 14466K, capacity 15724K, committed 15744K, reserved 1048576K
}
Event: 1342,389 GC heap before
{Heap before GC invocations=53 (full 4):
 def new generation   total 48192K, used 46157K [0x0000000080000000, 0x0000000083440000, 0x00000000aaaa0000)
  eden space 42880K,  99% used [0x0000000080000000, 0x00000000829dff50, 0x00000000829e0000)
  from space 5312K,  61% used [0x0000000082f10000, 0x00000000832434c0, 0x0000000083440000)
  to   space 5312K,   0% used [0x00000000829e0000, 0x00000000829e0000, 0x0000000082f10000)
 tenured generation   total 106644K, used 95707K [0x00000000aaaa0000, 0x00000000b12c5000, 0x0000000100000000)
   the space 106644K,  89% used [0x00000000aaaa0000, 0x00000000b0816c08, 0x00000000b0816e00, 0x00000000b12c5000)
 Metaspace       used 111559K, capacity 114844K, committed 115200K, reserved 1148928K
  class space    used 14492K, capacity 15765K, committed 15872K, reserved 1048576K
}
Event: 1342,441 GC heap after
{Heap after GC invocations=54 (full 4):
 def new generation   total 48192K, used 973K [0x0000000080000000, 0x0000000083440000, 0x00000000aaaa0000)
  eden space 42880K,   0% used [0x0000000080000000, 0x0000000080000000, 0x00000000829e0000)
  from space 5312K,  18% used [0x00000000829e0000, 0x0000000082ad34f0, 0x0000000082f10000)
  to   space 5312K,   0% used [0x0000000082f10000, 0x0000000082f10000, 0x0000000083440000)
 tenured generation   total 106644K, used 98550K [0x00000000aaaa0000, 0x00000000b12c5000, 0x0000000100000000)
   the space 106644K,  92% used [0x00000000aaaa0000, 0x00000000b0addbe0, 0x00000000b0addc00, 0x00000000b12c5000)
 Metaspace       used 111559K, capacity 114844K, committed 115200K, reserved 1148928K
  class space    used 14492K, capacity 15765K, committed 15872K, reserved 1048576K
}
Event: 1352,239 GC heap before
{Heap before GC invocations=54 (full 4):
 def new generation   total 48192K, used 43853K [0x0000000080000000, 0x0000000083440000, 0x00000000aaaa0000)
  eden space 42880K, 100% used [0x0000000080000000, 0x00000000829e0000, 0x00000000829e0000)
  from space 5312K,  18% used [0x00000000829e0000, 0x0000000082ad34f0, 0x0000000082f10000)
  to   space 5312K,   0% used [0x0000000082f10000, 0x0000000082f10000, 0x0000000083440000)
 tenured generation   total 106644K, used 98550K [0x00000000aaaa0000, 0x00000000b12c5000, 0x0000000100000000)
   the space 106644K,  92% used [0x00000000aaaa0000, 0x00000000b0addbe0, 0x00000000b0addc00, 0x00000000b12c5000)
 Metaspace       used 111764K, capacity 115120K, committed 115456K, reserved 1148928K
  class space    used 14501K, capacity 15781K, committed 15872K, reserved 1048576K
}
Event: 1352,325 GC heap after
{Heap after GC invocations=55 (full 4):
 def new generation   total 48192K, used 5312K [0x0000000080000000, 0x0000000083440000, 0x00000000aaaa0000)
  eden space 42880K,   0% used [0x0000000080000000, 0x0000000080000000, 0x00000000829e0000)
  from space 5312K, 100% used [0x0000000082f10000, 0x0000000083440000, 0x0000000083440000)
  to   space 5312K,   0% used [0x00000000829e0000, 0x00000000829e0000, 0x0000000082f10000)
 tenured generation   total 106644K, used 98925K [0x00000000aaaa0000, 0x00000000b12c5000, 0x0000000100000000)
   the space 106644K,  92% used [0x00000000aaaa0000, 0x00000000b0b3b608, 0x00000000b0b3b800, 0x00000000b12c5000)
 Metaspace       used 111764K, capacity 115120K, committed 115456K, reserved 1148928K
  class space    used 14501K, capacity 15781K, committed 15872K, reserved 1048576K
}
Event: 1375,500 GC heap before
{Heap before GC invocations=55 (full 4):
 def new generation   total 48192K, used 48192K [0x0000000080000000, 0x0000000083440000, 0x00000000aaaa0000)
  eden space 42880K, 100% used [0x0000000080000000, 0x00000000829e0000, 0x00000000829e0000)
  from space 5312K, 100% used [0x0000000082f10000, 0x0000000083440000, 0x0000000083440000)
  to   space 5312K,   0% used [0x00000000829e0000, 0x00000000829e0000, 0x0000000082f10000)
 tenured generation   total 106644K, used 98925K [0x00000000aaaa0000, 0x00000000b12c5000, 0x0000000100000000)
   the space 106644K,  92% used [0x00000000aaaa0000, 0x00000000b0b3b608, 0x00000000b0b3b800, 0x00000000b12c5000)
 Metaspace       used 112126K, capacity 115501K, committed 115712K, reserved 1148928K
  class space    used 14508K, capacity 15794K, committed 15872K, reserved 1048576K
}
Event: 1375,615 GC heap after
{Heap after GC invocations=56 (full 4):
 def new generation   total 48192K, used 2208K [0x0000000080000000, 0x0000000083440000, 0x00000000aaaa0000)
  eden space 42880K,   0% used [0x0000000080000000, 0x0000000080000000, 0x00000000829e0000)
  from space 5312K,  41% used [0x00000000829e0000, 0x0000000082c08370, 0x0000000082f10000)
  to   space 5312K,   0% used [0x0000000082f10000, 0x0000000082f10000, 0x0000000083440000)
 tenured generation   total 106644K, used 103969K [0x00000000aaaa0000, 0x00000000b12c5000, 0x0000000100000000)
   the space 106644K,  97% used [0x00000000aaaa0000, 0x00000000b10284d8, 0x00000000b1028600, 0x00000000b12c5000)
 Metaspace       used 112126K, capacity 115501K, committed 115712K, reserved 1148928K
  class space    used 14508K, capacity 15794K, committed 15872K, reserved 1048576K
}
Event: 2110,286 GC heap before
{Heap before GC invocations=56 (full 4):
 def new generation   total 48192K, used 45088K [0x0000000080000000, 0x0000000083440000, 0x00000000aaaa0000)
  eden space 42880K, 100% used [0x0000000080000000, 0x00000000829e0000, 0x00000000829e0000)
  from space 5312K,  41% used [0x00000000829e0000, 0x0000000082c08370, 0x0000000082f10000)
  to   space 5312K,   0% used [0x0000000082f10000, 0x0000000082f10000, 0x0000000083440000)
 tenured generation   total 106644K, used 103969K [0x00000000aaaa0000, 0x00000000b12c5000, 0x0000000100000000)
   the space 106644K,  97% used [0x00000000aaaa0000, 0x00000000b10284d8, 0x00000000b1028600, 0x00000000b12c5000)
 Metaspace       used 112217K, capacity 115519K, committed 115712K, reserved 1148928K
  class space    used 14511K, capacity 15798K, committed 15872K, reserved 1048576K
}
Event: 2110,333 GC heap after
{Heap after GC invocations=57 (full 4):
 def new generation   total 48192K, used 2192K [0x0000000080000000, 0x0000000083440000, 0x00000000aaaa0000)
  eden space 42880K,   0% used [0x0000000080000000, 0x0000000080000000, 0x00000000829e0000)
  from space 5312K,  41% used [0x0000000082f10000, 0x00000000831343d0, 0x0000000083440000)
  to   space 5312K,   0% used [0x00000000829e0000, 0x00000000829e0000, 0x0000000082f10000)
 tenured generation   total 106644K, used 103969K [0x00000000aaaa0000, 0x00000000b12c5000, 0x0000000100000000)
   the space 106644K,  97% used [0x00000000aaaa0000, 0x00000000b10284d8, 0x00000000b1028600, 0x00000000b12c5000)
 Metaspace       used 112217K, capacity 115519K, committed 115712K, reserved 1148928K
  class space    used 14511K, capacity 15798K, committed 15872K, reserved 1048576K
}
Event: 2118,430 GC heap before
{Heap before GC invocations=57 (full 4):
 def new generation   total 48192K, used 45072K [0x0000000080000000, 0x0000000083440000, 0x00000000aaaa0000)
  eden space 42880K, 100% used [0x0000000080000000, 0x00000000829e0000, 0x00000000829e0000)
  from space 5312K,  41% used [0x0000000082f10000, 0x00000000831343d0, 0x0000000083440000)
  to   space 5312K,   0% used [0x00000000829e0000, 0x00000000829e0000, 0x0000000082f10000)
 tenured generation   total 106644K, used 103969K [0x00000000aaaa0000, 0x00000000b12c5000, 0x0000000100000000)
   the space 106644K,  97% used [0x00000000aaaa0000, 0x00000000b10284d8, 0x00000000b1028600, 0x00000000b12c5000)
 Metaspace       used 112375K, capacity 115650K, committed 115968K, reserved 1148928K
  class space    used 14511K, capacity 15798K, committed 15872K, reserved 1048576K
}
Event: 2118,479 GC heap after
{Heap after GC invocations=58 (full 4):
 def new generation   total 48192K, used 5312K [0x0000000080000000, 0x0000000083440000, 0x00000000aaaa0000)
  eden space 42880K,   0% used [0x0000000080000000, 0x0000000080000000, 0x00000000829e0000)
  from space 5312K, 100% used [0x00000000829e0000, 0x0000000082f10000, 0x0000000082f10000)
  to   space 5312K,   0% used [0x0000000082f10000, 0x0000000082f10000, 0x0000000083440000)
 tenured generation   total 106644K, used 105691K [0x00000000aaaa0000, 0x00000000b12c5000, 0x0000000100000000)
   the space 106644K,  99% used [0x00000000aaaa0000, 0x00000000b11d6e08, 0x00000000b11d7000, 0x00000000b12c5000)
 Metaspace       used 112375K, capacity 115650K, committed 115968K, reserved 1148928K
  class space    used 14511K, capacity 15798K, committed 15872K, reserved 1048576K
}
Event: 2126,260 GC heap before
{Heap before GC invocations=58 (full 4):
 def new generation   total 48192K, used 48192K [0x0000000080000000, 0x0000000083440000, 0x00000000aaaa0000)
  eden space 42880K, 100% used [0x0000000080000000, 0x00000000829e0000, 0x00000000829e0000)
  from space 5312K, 100% used [0x00000000829e0000, 0x0000000082f10000, 0x0000000082f10000)
  to   space 5312K,   0% used [0x0000000082f10000, 0x0000000082f10000, 0x0000000083440000)
 tenured generation   total 106644K, used 105691K [0x00000000aaaa0000, 0x00000000b12c5000, 0x0000000100000000)
   the space 106644K,  99% used [0x00000000aaaa0000, 0x00000000b11d6e08, 0x00000000b11d7000, 0x00000000b12c5000)
 Metaspace       used 113656K, capacity 116896K, committed 117120K, reserved 1150976K
  class space    used 14647K, capacity 15937K, committed 16000K, reserved 1048576K
}

