# JRE version: OpenJDK Runtime Environment (11.0.10) (build 11.0.10+0-b96-7249189)
# Java VM: OpenJDK 64-Bit Server VM (11.0.10+0-b96-7249189, mixed mode, tiered, compressed oops, serial gc, linux-amd64)
Heap:
 def new generation   total 90496K, used 10048K [0x0000000080000000, 0x0000000086230000, 0x00000000aaaa0000)
  eden space 80448K,   0% used [0x0000000080000000, 0x0000000080000000, 0x0000000084e90000)
  from space 10048K, 100% used [0x0000000085860000, 0x0000000086230000, 0x0000000086230000)
  to   space 10048K,   0% used [0x0000000084e90000, 0x0000000084e90000, 0x0000000085860000)
 tenured generation   total 212428K, used 212331K [0x00000000aaaa0000, 0x00000000b7a13000, 0x0000000100000000)
   the space 212428K,  99% used [0x00000000aaaa0000, 0x00000000b79fac70, 0x00000000b75fd000, 0x00000000b7a13000)
 Metaspace       used 99800K, capacity 102250K, committed 102340K, reserved 1138688K
  class space    used 13015K, capacity 13930K, committed 13952K, reserved 1048576K
GC Heap History (20 events):
Event: 182,315 GC heap after
{Heap after GC invocations=42 (full 4):
 def new generation   total 48384K, used 4600K [0x0000000080000000, 0x0000000083470000, 0x00000000aaaa0000)
  eden space 43072K,   0% used [0x0000000080000000, 0x0000000080000000, 0x0000000082a10000)
  from space 5312K,  86% used [0x0000000082a10000, 0x0000000082e8e380, 0x0000000082f40000)
  to   space 5312K,   0% used [0x0000000082f40000, 0x0000000082f40000, 0x0000000083470000)
 tenured generation   total 107056K, used 70406K [0x00000000aaaa0000, 0x00000000b132c000, 0x0000000100000000)
   the space 107056K,  65% used [0x00000000aaaa0000, 0x00000000aef61a70, 0x00000000aef61c00, 0x00000000b132c000)
 Metaspace       used 84864K, capacity 86879K, committed 87108K, reserved 1124352K
  class space    used 10913K, capacity 11652K, committed 11776K, reserved 1048576K
}
Event: 186,087 GC heap before
{Heap before GC invocations=42 (full 4):
 def new generation   total 48384K, used 47672K [0x0000000080000000, 0x0000000083470000, 0x00000000aaaa0000)
  eden space 43072K, 100% used [0x0000000080000000, 0x0000000082a10000, 0x0000000082a10000)
  from space 5312K,  86% used [0x0000000082a10000, 0x0000000082e8e380, 0x0000000082f40000)
  to   space 5312K,   0% used [0x0000000082f40000, 0x0000000082f40000, 0x0000000083470000)
 tenured generation   total 107056K, used 70406K [0x00000000aaaa0000, 0x00000000b132c000, 0x0000000100000000)
   the space 107056K,  65% used [0x00000000aaaa0000, 0x00000000aef61a70, 0x00000000aef61c00, 0x00000000b132c000)
 Metaspace       used 87823K, capacity 89762K, committed 90052K, reserved 1128448K
  class space    used 11307K, capacity 12037K, committed 12160K, reserved 1048576K
}
Event: 186,199 GC heap after
{Heap after GC invocations=43 (full 4):
 def new generation   total 48384K, used 3322K [0x0000000080000000, 0x0000000083470000, 0x00000000aaaa0000)
  eden space 43072K,   0% used [0x0000000080000000, 0x0000000080000000, 0x0000000082a10000)
  from space 5312K,  62% used [0x0000000082f40000, 0x000000008327ea70, 0x0000000083470000)
  to   space 5312K,   0% used [0x0000000082a10000, 0x0000000082a10000, 0x0000000082f40000)
 tenured generation   total 107056K, used 72661K [0x00000000aaaa0000, 0x00000000b132c000, 0x0000000100000000)
   the space 107056K,  67% used [0x00000000aaaa0000, 0x00000000af195780, 0x00000000af195800, 0x00000000b132c000)
 Metaspace       used 87823K, capacity 89762K, committed 90052K, reserved 1128448K
  class space    used 11307K, capacity 12037K, committed 12160K, reserved 1048576K
}
Event: 192,747 GC heap before
{Heap before GC invocations=43 (full 4):
 def new generation   total 48384K, used 46394K [0x0000000080000000, 0x0000000083470000, 0x00000000aaaa0000)
  eden space 43072K, 100% used [0x0000000080000000, 0x0000000082a10000, 0x0000000082a10000)
  from space 5312K,  62% used [0x0000000082f40000, 0x000000008327ea70, 0x0000000083470000)
  to   space 5312K,   0% used [0x0000000082a10000, 0x0000000082a10000, 0x0000000082f40000)
 tenured generation   total 107056K, used 72661K [0x00000000aaaa0000, 0x00000000b132c000, 0x0000000100000000)
   the space 107056K,  67% used [0x00000000aaaa0000, 0x00000000af195780, 0x00000000af195800, 0x00000000b132c000)
 Metaspace       used 90286K, capacity 92362K, committed 92612K, reserved 1130496K
  class space    used 11586K, capacity 12346K, committed 12416K, reserved 1048576K
}
Event: 192,847 GC heap after
{Heap after GC invocations=44 (full 4):
 def new generation   total 48384K, used 4413K [0x0000000080000000, 0x0000000083470000, 0x00000000aaaa0000)
  eden space 43072K,   0% used [0x0000000080000000, 0x0000000080000000, 0x0000000082a10000)
  from space 5312K,  83% used [0x0000000082a10000, 0x0000000082e5f6d0, 0x0000000082f40000)
  to   space 5312K,   0% used [0x0000000082f40000, 0x0000000082f40000, 0x0000000083470000)
 tenured generation   total 107056K, used 74968K [0x00000000aaaa0000, 0x00000000b132c000, 0x0000000100000000)
   the space 107056K,  70% used [0x00000000aaaa0000, 0x00000000af3d6268, 0x00000000af3d6400, 0x00000000b132c000)
 Metaspace       used 90286K, capacity 92362K, committed 92612K, reserved 1130496K
  class space    used 11586K, capacity 12346K, committed 12416K, reserved 1048576K
}
Event: 198,902 GC heap before
{Heap before GC invocations=44 (full 4):
 def new generation   total 48384K, used 47485K [0x0000000080000000, 0x0000000083470000, 0x00000000aaaa0000)
  eden space 43072K, 100% used [0x0000000080000000, 0x0000000082a10000, 0x0000000082a10000)
  from space 5312K,  83% used [0x0000000082a10000, 0x0000000082e5f6d0, 0x0000000082f40000)
  to   space 5312K,   0% used [0x0000000082f40000, 0x0000000082f40000, 0x0000000083470000)
 tenured generation   total 107056K, used 74968K [0x00000000aaaa0000, 0x00000000b132c000, 0x0000000100000000)
   the space 107056K,  70% used [0x00000000aaaa0000, 0x00000000af3d6268, 0x00000000af3d6400, 0x00000000b132c000)
 Metaspace       used 91590K, capacity 93698K, committed 94020K, reserved 1130496K
  class space    used 11712K, capacity 12469K, committed 12544K, reserved 1048576K
}
Event: 199,011 GC heap after
{Heap after GC invocations=45 (full 4):
 def new generation   total 48384K, used 4870K [0x0000000080000000, 0x0000000083470000, 0x00000000aaaa0000)
  eden space 43072K,   0% used [0x0000000080000000, 0x0000000080000000, 0x0000000082a10000)
  from space 5312K,  91% used [0x0000000082f40000, 0x0000000083401990, 0x0000000083470000)
  to   space 5312K,   0% used [0x0000000082a10000, 0x0000000082a10000, 0x0000000082f40000)
 tenured generation   total 107056K, used 86598K [0x00000000aaaa0000, 0x00000000b132c000, 0x0000000100000000)
   the space 107056K,  80% used [0x00000000aaaa0000, 0x00000000aff31ba8, 0x00000000aff31c00, 0x00000000b132c000)
 Metaspace       used 91590K, capacity 93698K, committed 94020K, reserved 1130496K
  class space    used 11712K, capacity 12469K, committed 12544K, reserved 1048576K
}
Event: 202,257 GC heap before
{Heap before GC invocations=45 (full 4):
 def new generation   total 48384K, used 47942K [0x0000000080000000, 0x0000000083470000, 0x00000000aaaa0000)
  eden space 43072K, 100% used [0x0000000080000000, 0x0000000082a10000, 0x0000000082a10000)
  from space 5312K,  91% used [0x0000000082f40000, 0x0000000083401990, 0x0000000083470000)
  to   space 5312K,   0% used [0x0000000082a10000, 0x0000000082a10000, 0x0000000082f40000)
 tenured generation   total 107056K, used 86598K [0x00000000aaaa0000, 0x00000000b132c000, 0x0000000100000000)
   the space 107056K,  80% used [0x00000000aaaa0000, 0x00000000aff31ba8, 0x00000000aff31c00, 0x00000000b132c000)
 Metaspace       used 94027K, capacity 96144K, committed 96452K, reserved 1132544K
  class space    used 12068K, capacity 12817K, committed 12928K, reserved 1048576K
}
Event: 202,449 GC heap after
{Heap after GC invocations=46 (full 4):
 def new generation   total 48384K, used 5312K [0x0000000080000000, 0x0000000083470000, 0x00000000aaaa0000)
  eden space 43072K,   0% used [0x0000000080000000, 0x0000000080000000, 0x0000000082a10000)
  from space 5312K, 100% used [0x0000000082a10000, 0x0000000082f40000, 0x0000000082f40000)
  to   space 5312K,   0% used [0x0000000082f40000, 0x0000000082f40000, 0x0000000083470000)
 tenured generation   total 107056K, used 103662K [0x00000000aaaa0000, 0x00000000b132c000, 0x0000000100000000)
   the space 107056K,  96% used [0x00000000aaaa0000, 0x00000000b0fdb870, 0x00000000b0fdba00, 0x00000000b132c000)
 Metaspace       used 94027K, capacity 96144K, committed 96452K, reserved 1132544K
  class space    used 12068K, capacity 12817K, committed 12928K, reserved 1048576K
}
Event: 206,921 GC heap before
{Heap before GC invocations=46 (full 4):
 def new generation   total 48384K, used 48384K [0x0000000080000000, 0x0000000083470000, 0x00000000aaaa0000)
  eden space 43072K, 100% used [0x0000000080000000, 0x0000000082a10000, 0x0000000082a10000)
  from space 5312K, 100% used [0x0000000082a10000, 0x0000000082f40000, 0x0000000082f40000)
  to   space 5312K,   0% used [0x0000000082f40000, 0x0000000082f40000, 0x0000000083470000)
 tenured generation   total 107056K, used 103662K [0x00000000aaaa0000, 0x00000000b132c000, 0x0000000100000000)
   the space 107056K,  96% used [0x00000000aaaa0000, 0x00000000b0fdb870, 0x00000000b0fdba00, 0x00000000b132c000)
 Metaspace       used 96157K, capacity 98347K, committed 98756K, reserved 1134592K
  class space    used 12529K, capacity 13317K, committed 13440K, reserved 1048576K
}
Event: 208,635 GC heap after
{Heap after GC invocations=47 (full 5):
 def new generation   total 90496K, used 4756K [0x0000000080000000, 0x0000000086230000, 0x00000000aaaa0000)
  eden space 80448K,   5% used [0x0000000080000000, 0x00000000804a52e8, 0x0000000084e90000)
  from space 10048K,   0% used [0x0000000084e90000, 0x0000000084e90000, 0x0000000085860000)
  to   space 10048K,   0% used [0x0000000085860000, 0x0000000085860000, 0x0000000086230000)
 tenured generation   total 200708K, used 120422K [0x00000000aaaa0000, 0x00000000b6ea1000, 0x0000000100000000)
   the space 200708K,  59% used [0x00000000aaaa0000, 0x00000000b2039a20, 0x00000000b2039c00, 0x00000000b6ea1000)
 Metaspace       used 96157K, capacity 98347K, committed 98756K, reserved 1134592K
  class space    used 12529K, capacity 13317K, committed 13440K, reserved 1048576K
}
Event: 218,348 GC heap before
{Heap before GC invocations=47 (full 5):
 def new generation   total 90496K, used 80448K [0x0000000080000000, 0x0000000086230000, 0x00000000aaaa0000)
  eden space 80448K, 100% used [0x0000000080000000, 0x0000000084e90000, 0x0000000084e90000)
  from space 10048K,   0% used [0x0000000084e90000, 0x0000000084e90000, 0x0000000085860000)
  to   space 10048K,   0% used [0x0000000085860000, 0x0000000085860000, 0x0000000086230000)
 tenured generation   total 200708K, used 120422K [0x00000000aaaa0000, 0x00000000b6ea1000, 0x0000000100000000)
   the space 200708K,  59% used [0x00000000aaaa0000, 0x00000000b2039a20, 0x00000000b2039c00, 0x00000000b6ea1000)
 Metaspace       used 96323K, capacity 98485K, committed 98756K, reserved 1134592K
  class space    used 12529K, capacity 13317K, committed 13440K, reserved 1048576K
}
Event: 219,138 GC heap after
{Heap after GC invocations=48 (full 5):
 def new generation   total 90496K, used 10047K [0x0000000080000000, 0x0000000086230000, 0x00000000aaaa0000)
  eden space 80448K,   0% used [0x0000000080000000, 0x0000000080000000, 0x0000000084e90000)
  from space 10048K,  99% used [0x0000000085860000, 0x000000008622fff8, 0x0000000086230000)
  to   space 10048K,   0% used [0x0000000084e90000, 0x0000000084e90000, 0x0000000085860000)
 tenured generation   total 200708K, used 154160K [0x00000000aaaa0000, 0x00000000b6ea1000, 0x0000000100000000)
   the space 200708K,  76% used [0x00000000aaaa0000, 0x00000000b412c0f8, 0x00000000b412c200, 0x00000000b6ea1000)
 Metaspace       used 96323K, capacity 98485K, committed 98756K, reserved 1134592K
  class space    used 12529K, capacity 13317K, committed 13440K, reserved 1048576K
}
Event: 230,335 GC heap before
{Heap before GC invocations=48 (full 5):
 def new generation   total 90496K, used 90495K [0x0000000080000000, 0x0000000086230000, 0x00000000aaaa0000)
  eden space 80448K, 100% used [0x0000000080000000, 0x0000000084e90000, 0x0000000084e90000)
  from space 10048K,  99% used [0x0000000085860000, 0x000000008622fff8, 0x0000000086230000)
  to   space 10048K,   0% used [0x0000000084e90000, 0x0000000084e90000, 0x0000000085860000)
 tenured generation   total 200708K, used 154160K [0x00000000aaaa0000, 0x00000000b6ea1000, 0x0000000100000000)
   the space 200708K,  76% used [0x00000000aaaa0000, 0x00000000b412c0f8, 0x00000000b412c200, 0x00000000b6ea1000)
 Metaspace       used 98775K, capacity 101206K, committed 101444K, reserved 1136640K
  class space    used 12904K, capacity 13790K, committed 13824K, reserved 1048576K
}
Event: 230,896 GC heap after
{Heap after GC invocations=49 (full 5):
 def new generation   total 90496K, used 10048K [0x0000000080000000, 0x0000000086230000, 0x00000000aaaa0000)
  eden space 80448K,   0% used [0x0000000080000000, 0x0000000080000000, 0x0000000084e90000)
  from space 10048K, 100% used [0x0000000084e90000, 0x0000000085860000, 0x0000000085860000)
  to   space 10048K,   0% used [0x0000000085860000, 0x0000000085860000, 0x0000000086230000)
 tenured generation   total 200708K, used 177870K [0x00000000aaaa0000, 0x00000000b6ea1000, 0x0000000100000000)
   the space 200708K,  88% used [0x00000000aaaa0000, 0x00000000b5853bf0, 0x00000000b5853c00, 0x00000000b6ea1000)
 Metaspace       used 98775K, capacity 101206K, committed 101444K, reserved 1136640K
  class space    used 12904K, capacity 13790K, committed 13824K, reserved 1048576K
}
Event: 238,667 GC heap before
{Heap before GC invocations=49 (full 5):
 def new generation   total 90496K, used 90496K [0x0000000080000000, 0x0000000086230000, 0x00000000aaaa0000)
  eden space 80448K, 100% used [0x0000000080000000, 0x0000000084e90000, 0x0000000084e90000)
  from space 10048K, 100% used [0x0000000084e90000, 0x0000000085860000, 0x0000000085860000)
  to   space 10048K,   0% used [0x0000000085860000, 0x0000000085860000, 0x0000000086230000)
 tenured generation   total 200708K, used 177870K [0x00000000aaaa0000, 0x00000000b6ea1000, 0x0000000100000000)
   the space 200708K,  88% used [0x00000000aaaa0000, 0x00000000b5853bf0, 0x00000000b5853c00, 0x00000000b6ea1000)
 Metaspace       used 99316K, capacity 101771K, committed 102084K, reserved 1138688K
  class space    used 12964K, capacity 13862K, committed 13952K, reserved 1048576K
}
Event: 238,938 GC heap after
{Heap after GC invocations=50 (full 5):
 def new generation   total 90496K, used 7615K [0x0000000080000000, 0x0000000086230000, 0x00000000aaaa0000)
  eden space 80448K,   0% used [0x0000000080000000, 0x0000000080000000, 0x0000000084e90000)
  from space 10048K,  75% used [0x0000000085860000, 0x0000000085fcff20, 0x0000000086230000)
  to   space 10048K,   0% used [0x0000000084e90000, 0x0000000084e90000, 0x0000000085860000)
 tenured generation   total 200708K, used 187567K [0x00000000aaaa0000, 0x00000000b6ea1000, 0x0000000100000000)
   the space 200708K,  93% used [0x00000000aaaa0000, 0x00000000b61cbe50, 0x00000000b61cc000, 0x00000000b6ea1000)
 Metaspace       used 99316K, capacity 101771K, committed 102084K, reserved 1138688K
  class space    used 12964K, capacity 13862K, committed 13952K, reserved 1048576K
}
Event: 248,558 GC heap before
{Heap before GC invocations=50 (full 5):
 def new generation   total 90496K, used 88063K [0x0000000080000000, 0x0000000086230000, 0x00000000aaaa0000)
  eden space 80448K, 100% used [0x0000000080000000, 0x0000000084e90000, 0x0000000084e90000)
  from space 10048K,  75% used [0x0000000085860000, 0x0000000085fcff20, 0x0000000086230000)
  to   space 10048K,   0% used [0x0000000084e90000, 0x0000000084e90000, 0x0000000085860000)
 tenured generation   total 200708K, used 187567K [0x00000000aaaa0000, 0x00000000b6ea1000, 0x0000000100000000)
   the space 200708K,  93% used [0x00000000aaaa0000, 0x00000000b61cbe50, 0x00000000b61cc000, 0x00000000b6ea1000)
 Metaspace       used 99661K, capacity 102061K, committed 102340K, reserved 1138688K
  class space    used 12998K, capacity 13891K, committed 13952K, reserved 1048576K
}
Event: 248,763 GC heap after
{Heap after GC invocations=51 (full 5):
 def new generation   total 90496K, used 10047K [0x0000000080000000, 0x0000000086230000, 0x00000000aaaa0000)
  eden space 80448K,   0% used [0x0000000080000000, 0x0000000080000000, 0x0000000084e90000)
  from space 10048K,  99% used [0x0000000084e90000, 0x000000008585fff0, 0x0000000085860000)
  to   space 10048K,   0% used [0x0000000085860000, 0x0000000085860000, 0x0000000086230000)
 tenured generation   total 200708K, used 196099K [0x00000000aaaa0000, 0x00000000b6ea1000, 0x0000000100000000)
   the space 200708K,  97% used [0x00000000aaaa0000, 0x00000000b6a20d28, 0x00000000b6a20e00, 0x00000000b6ea1000)
 Metaspace       used 99661K, capacity 102061K, committed 102340K, reserved 1138688K
  class space    used 12998K, capacity 13891K, committed 13952K, reserved 1048576K
}
Event: 251,585 GC heap before
{Heap before GC invocations=51 (full 5):
 def new generation   total 90496K, used 90495K [0x0000000080000000, 0x0000000086230000, 0x00000000aaaa0000)
  eden space 80448K, 100% used [0x0000000080000000, 0x0000000084e90000, 0x0000000084e90000)
  from space 10048K,  99% used [0x0000000084e90000, 0x000000008585fff0, 0x0000000085860000)
  to   space 10048K,   0% used [0x0000000085860000, 0x0000000085860000, 0x0000000086230000)
 tenured generation   total 200708K, used 196099K [0x00000000aaaa0000, 0x00000000b6ea1000, 0x0000000100000000)
   the space 200708K,  97% used [0x00000000aaaa0000, 0x00000000b6a20d28, 0x00000000b6a20e00, 0x00000000b6ea1000)
 Metaspace       used 99800K, capacity 102250K, committed 102340K, reserved 1138688K
  class space    used 13015K, capacity 13930K, committed 13952K, reserved 1048576K
}

