# JRE version: OpenJDK Runtime Environment (11.0.10) (build 11.0.10+0-b96-7249189)
# Java VM: OpenJDK 64-Bit Server VM (11.0.10+0-b96-7249189, mixed mode, tiered, compressed oops, serial gc, linux-amd64)
Heap:
 def new generation   total 135744K, used 926K [0x0000000080000000, 0x0000000089340000, 0x00000000aaaa0000)
  eden space 120704K,   0% used [0x0000000080000000, 0x00000000800e7aa0, 0x00000000875e0000)
  from space 15040K,   0% used [0x0000000088490000, 0x0000000088490000, 0x0000000089340000)
  to   space 15040K,   0% used [0x00000000875e0000, 0x00000000875e0000, 0x0000000088490000)
 tenured generation   total 301168K, used 172930K [0x00000000aaaa0000, 0x00000000bd0bc000, 0x0000000100000000)
   the space 301168K,  57% used [0x00000000aaaa0000, 0x00000000b5380a10, 0x00000000b5380c00, 0x00000000bd0bc000)
 Metaspace       used 153431K, capacity 157287K, committed 157440K, reserved 1185792K
  class space    used 18728K, capacity 20198K, committed 20224K, reserved 1048576K
GC Heap History (20 events):
Event: 1798,416 GC heap before
{Heap before GC invocations=71 (full 6):
 def new generation   total 96128K, used 96128K [0x0000000080000000, 0x0000000086840000, 0x00000000aaaa0000)
  eden space 85504K, 100% used [0x0000000080000000, 0x0000000085380000, 0x0000000085380000)
  from space 10624K, 100% used [0x0000000085de0000, 0x0000000086840000, 0x0000000086840000)
  to   space 10624K,   0% used [0x0000000085380000, 0x0000000085380000, 0x0000000085de0000)
 tenured generation   total 213200K, used 137359K [0x00000000aaaa0000, 0x00000000b7ad4000, 0x0000000100000000)
   the space 213200K,  64% used [0x00000000aaaa0000, 0x00000000b30c3dc0, 0x00000000b30c3e00, 0x00000000b7ad4000)
 Metaspace       used 150008K, capacity 153841K, committed 154496K, reserved 1183744K
  class space    used 18581K, capacity 20008K, committed 20096K, reserved 1048576K
}
Event: 1798,835 GC heap after
{Heap after GC invocations=72 (full 6):
 def new generation   total 96128K, used 10624K [0x0000000080000000, 0x0000000086840000, 0x00000000aaaa0000)
  eden space 85504K,   0% used [0x0000000080000000, 0x0000000080000000, 0x0000000085380000)
  from space 10624K, 100% used [0x0000000085380000, 0x0000000085de0000, 0x0000000085de0000)
  to   space 10624K,   0% used [0x0000000085de0000, 0x0000000085de0000, 0x0000000086840000)
 tenured generation   total 213200K, used 174114K [0x00000000aaaa0000, 0x00000000b7ad4000, 0x0000000100000000)
   the space 213200K,  81% used [0x00000000aaaa0000, 0x00000000b54a8bc0, 0x00000000b54a8c00, 0x00000000b7ad4000)
 Metaspace       used 150008K, capacity 153841K, committed 154496K, reserved 1183744K
  class space    used 18581K, capacity 20008K, committed 20096K, reserved 1048576K
}
Event: 1806,002 GC heap before
{Heap before GC invocations=72 (full 6):
 def new generation   total 96128K, used 96128K [0x0000000080000000, 0x0000000086840000, 0x00000000aaaa0000)
  eden space 85504K, 100% used [0x0000000080000000, 0x0000000085380000, 0x0000000085380000)
  from space 10624K, 100% used [0x0000000085380000, 0x0000000085de0000, 0x0000000085de0000)
  to   space 10624K,   0% used [0x0000000085de0000, 0x0000000085de0000, 0x0000000086840000)
 tenured generation   total 213200K, used 174114K [0x00000000aaaa0000, 0x00000000b7ad4000, 0x0000000100000000)
   the space 213200K,  81% used [0x00000000aaaa0000, 0x00000000b54a8bc0, 0x00000000b54a8c00, 0x00000000b7ad4000)
 Metaspace       used 151203K, capacity 155105K, committed 155648K, reserved 1185792K
  class space    used 18687K, capacity 20130K, committed 20224K, reserved 1048576K
}
Event: 1806,028 GC heap after
{Heap after GC invocations=73 (full 6):
 def new generation   total 96128K, used 1767K [0x0000000080000000, 0x0000000086840000, 0x00000000aaaa0000)
  eden space 85504K,   0% used [0x0000000080000000, 0x0000000080000000, 0x0000000085380000)
  from space 10624K,  16% used [0x0000000085de0000, 0x0000000085f99fc0, 0x0000000086840000)
  to   space 10624K,   0% used [0x0000000085380000, 0x0000000085380000, 0x0000000085de0000)
 tenured generation   total 213200K, used 174477K [0x00000000aaaa0000, 0x00000000b7ad4000, 0x0000000100000000)
   the space 213200K,  81% used [0x00000000aaaa0000, 0x00000000b55036a0, 0x00000000b5503800, 0x00000000b7ad4000)
 Metaspace       used 151203K, capacity 155105K, committed 155648K, reserved 1185792K
  class space    used 18687K, capacity 20130K, committed 20224K, reserved 1048576K
}
Event: 1813,044 GC heap before
{Heap before GC invocations=73 (full 6):
 def new generation   total 96128K, used 87271K [0x0000000080000000, 0x0000000086840000, 0x00000000aaaa0000)
  eden space 85504K, 100% used [0x0000000080000000, 0x0000000085380000, 0x0000000085380000)
  from space 10624K,  16% used [0x0000000085de0000, 0x0000000085f99fc0, 0x0000000086840000)
  to   space 10624K,   0% used [0x0000000085380000, 0x0000000085380000, 0x0000000085de0000)
 tenured generation   total 213200K, used 174477K [0x00000000aaaa0000, 0x00000000b7ad4000, 0x0000000100000000)
   the space 213200K,  81% used [0x00000000aaaa0000, 0x00000000b55036a0, 0x00000000b5503800, 0x00000000b7ad4000)
 Metaspace       used 152432K, capacity 156314K, committed 156672K, reserved 1185792K
  class space    used 18704K, capacity 20150K, committed 20224K, reserved 1048576K
}
Event: 1813,108 GC heap after
{Heap after GC invocations=74 (full 6):
 def new generation   total 96128K, used 8265K [0x0000000080000000, 0x0000000086840000, 0x00000000aaaa0000)
  eden space 85504K,   0% used [0x0000000080000000, 0x0000000080000000, 0x0000000085380000)
  from space 10624K,  77% used [0x0000000085380000, 0x0000000085b92698, 0x0000000085de0000)
  to   space 10624K,   0% used [0x0000000085de0000, 0x0000000085de0000, 0x0000000086840000)
 tenured generation   total 213200K, used 174477K [0x00000000aaaa0000, 0x00000000b7ad4000, 0x0000000100000000)
   the space 213200K,  81% used [0x00000000aaaa0000, 0x00000000b55036a0, 0x00000000b5503800, 0x00000000b7ad4000)
 Metaspace       used 152432K, capacity 156314K, committed 156672K, reserved 1185792K
  class space    used 18704K, capacity 20150K, committed 20224K, reserved 1048576K
}
Event: 1818,034 GC heap before
{Heap before GC invocations=74 (full 6):
 def new generation   total 96128K, used 93769K [0x0000000080000000, 0x0000000086840000, 0x00000000aaaa0000)
  eden space 85504K, 100% used [0x0000000080000000, 0x0000000085380000, 0x0000000085380000)
  from space 10624K,  77% used [0x0000000085380000, 0x0000000085b92698, 0x0000000085de0000)
  to   space 10624K,   0% used [0x0000000085de0000, 0x0000000085de0000, 0x0000000086840000)
 tenured generation   total 213200K, used 174477K [0x00000000aaaa0000, 0x00000000b7ad4000, 0x0000000100000000)
   the space 213200K,  81% used [0x00000000aaaa0000, 0x00000000b55036a0, 0x00000000b5503800, 0x00000000b7ad4000)
 Metaspace       used 152668K, capacity 156558K, committed 156928K, reserved 1185792K
  class space    used 18704K, capacity 20150K, committed 20224K, reserved 1048576K
}
Event: 1818,121 GC heap after
{Heap after GC invocations=75 (full 6):
 def new generation   total 96128K, used 10624K [0x0000000080000000, 0x0000000086840000, 0x00000000aaaa0000)
  eden space 85504K,   0% used [0x0000000080000000, 0x0000000080000000, 0x0000000085380000)
  from space 10624K, 100% used [0x0000000085de0000, 0x0000000086840000, 0x0000000086840000)
  to   space 10624K,   0% used [0x0000000085380000, 0x0000000085380000, 0x0000000085de0000)
 tenured generation   total 213200K, used 194596K [0x00000000aaaa0000, 0x00000000b7ad4000, 0x0000000100000000)
   the space 213200K,  91% used [0x00000000aaaa0000, 0x00000000b68a9178, 0x00000000b68a9200, 0x00000000b7ad4000)
 Metaspace       used 152668K, capacity 156558K, committed 156928K, reserved 1185792K
  class space    used 18704K, capacity 20150K, committed 20224K, reserved 1048576K
}
Event: 1821,895 GC heap before
{Heap before GC invocations=75 (full 6):
 def new generation   total 96128K, used 96128K [0x0000000080000000, 0x0000000086840000, 0x00000000aaaa0000)
  eden space 85504K, 100% used [0x0000000080000000, 0x0000000085380000, 0x0000000085380000)
  from space 10624K, 100% used [0x0000000085de0000, 0x0000000086840000, 0x0000000086840000)
  to   space 10624K,   0% used [0x0000000085380000, 0x0000000085380000, 0x0000000085de0000)
 tenured generation   total 213200K, used 194596K [0x00000000aaaa0000, 0x00000000b7ad4000, 0x0000000100000000)
   the space 213200K,  91% used [0x00000000aaaa0000, 0x00000000b68a9178, 0x00000000b68a9200, 0x00000000b7ad4000)
 Metaspace       used 152963K, capacity 156928K, committed 157184K, reserved 1185792K
  class space    used 18716K, capacity 20185K, committed 20224K, reserved 1048576K
}
Event: 1823,232 GC heap after
{Heap after GC invocations=76 (full 7):
 def new generation   total 135744K, used 0K [0x0000000080000000, 0x0000000089340000, 0x00000000aaaa0000)
  eden space 120704K,   0% used [0x0000000080000000, 0x0000000080000000, 0x00000000875e0000)
  from space 15040K,   0% used [0x00000000875e0000, 0x00000000875e0000, 0x0000000088490000)
  to   space 15040K,   0% used [0x0000000088490000, 0x0000000088490000, 0x0000000089340000)
 tenured generation   total 301168K, used 180699K [0x00000000aaaa0000, 0x00000000bd0bc000, 0x0000000100000000)
   the space 301168K,  59% used [0x00000000aaaa0000, 0x00000000b5b16d70, 0x00000000b5b16e00, 0x00000000bd0bc000)
 Metaspace       used 152963K, capacity 156928K, committed 157184K, reserved 1185792K
  class space    used 18716K, capacity 20185K, committed 20224K, reserved 1048576K
}
Event: 1830,672 GC heap before
{Heap before GC invocations=76 (full 7):
 def new generation   total 135744K, used 120704K [0x0000000080000000, 0x0000000089340000, 0x00000000aaaa0000)
  eden space 120704K, 100% used [0x0000000080000000, 0x00000000875e0000, 0x00000000875e0000)
  from space 15040K,   0% used [0x00000000875e0000, 0x00000000875e0000, 0x0000000088490000)
  to   space 15040K,   0% used [0x0000000088490000, 0x0000000088490000, 0x0000000089340000)
 tenured generation   total 301168K, used 180699K [0x00000000aaaa0000, 0x00000000bd0bc000, 0x0000000100000000)
   the space 301168K,  59% used [0x00000000aaaa0000, 0x00000000b5b16d70, 0x00000000b5b16e00, 0x00000000bd0bc000)
 Metaspace       used 153161K, capacity 157046K, committed 157184K, reserved 1185792K
  class space    used 18725K, capacity 20196K, committed 20224K, reserved 1048576K
}
Event: 1830,966 GC heap after
{Heap after GC invocations=77 (full 7):
 def new generation   total 135744K, used 15040K [0x0000000080000000, 0x0000000089340000, 0x00000000aaaa0000)
  eden space 120704K,   0% used [0x0000000080000000, 0x0000000080000000, 0x00000000875e0000)
  from space 15040K, 100% used [0x0000000088490000, 0x0000000089340000, 0x0000000089340000)
  to   space 15040K,   0% used [0x00000000875e0000, 0x00000000875e0000, 0x0000000088490000)
 tenured generation   total 301168K, used 204254K [0x00000000aaaa0000, 0x00000000bd0bc000, 0x0000000100000000)
   the space 301168K,  67% used [0x00000000aaaa0000, 0x00000000b7217a10, 0x00000000b7217c00, 0x00000000bd0bc000)
 Metaspace       used 153161K, capacity 157046K, committed 157184K, reserved 1185792K
  class space    used 18725K, capacity 20196K, committed 20224K, reserved 1048576K
}
Event: 1838,860 GC heap before
{Heap before GC invocations=77 (full 7):
 def new generation   total 135744K, used 135744K [0x0000000080000000, 0x0000000089340000, 0x00000000aaaa0000)
  eden space 120704K, 100% used [0x0000000080000000, 0x00000000875e0000, 0x00000000875e0000)
  from space 15040K, 100% used [0x0000000088490000, 0x0000000089340000, 0x0000000089340000)
  to   space 15040K,   0% used [0x00000000875e0000, 0x00000000875e0000, 0x0000000088490000)
 tenured generation   total 301168K, used 204254K [0x00000000aaaa0000, 0x00000000bd0bc000, 0x0000000100000000)
   the space 301168K,  67% used [0x00000000aaaa0000, 0x00000000b7217a10, 0x00000000b7217c00, 0x00000000bd0bc000)
 Metaspace       used 153216K, capacity 157112K, committed 157440K, reserved 1185792K
  class space    used 18725K, capacity 20196K, committed 20224K, reserved 1048576K
}
Event: 1839,009 GC heap after
{Heap after GC invocations=78 (full 7):
 def new generation   total 135744K, used 10300K [0x0000000080000000, 0x0000000089340000, 0x00000000aaaa0000)
  eden space 120704K,   0% used [0x0000000080000000, 0x0000000080000000, 0x00000000875e0000)
  from space 15040K,  68% used [0x00000000875e0000, 0x0000000087fef2f8, 0x0000000088490000)
  to   space 15040K,   0% used [0x0000000088490000, 0x0000000088490000, 0x0000000089340000)
 tenured generation   total 301168K, used 219240K [0x00000000aaaa0000, 0x00000000bd0bc000, 0x0000000100000000)
   the space 301168K,  72% used [0x00000000aaaa0000, 0x00000000b80ba1d8, 0x00000000b80ba200, 0x00000000bd0bc000)
 Metaspace       used 153216K, capacity 157112K, committed 157440K, reserved 1185792K
  class space    used 18725K, capacity 20196K, committed 20224K, reserved 1048576K
}
Event: 1842,767 GC heap before
{Heap before GC invocations=78 (full 7):
 def new generation   total 135744K, used 131004K [0x0000000080000000, 0x0000000089340000, 0x00000000aaaa0000)
  eden space 120704K, 100% used [0x0000000080000000, 0x00000000875e0000, 0x00000000875e0000)
  from space 15040K,  68% used [0x00000000875e0000, 0x0000000087fef2f8, 0x0000000088490000)
  to   space 15040K,   0% used [0x0000000088490000, 0x0000000088490000, 0x0000000089340000)
 tenured generation   total 301168K, used 219240K [0x00000000aaaa0000, 0x00000000bd0bc000, 0x0000000100000000)
   the space 301168K,  72% used [0x00000000aaaa0000, 0x00000000b80ba1d8, 0x00000000b80ba200, 0x00000000bd0bc000)
 Metaspace       used 153315K, capacity 157205K, committed 157440K, reserved 1185792K
  class space    used 18725K, capacity 20196K, committed 20224K, reserved 1048576K
}
Event: 1842,886 GC heap after
{Heap after GC invocations=79 (full 7):
 def new generation   total 135744K, used 13290K [0x0000000080000000, 0x0000000089340000, 0x00000000aaaa0000)
  eden space 120704K,   0% used [0x0000000080000000, 0x0000000080000000, 0x00000000875e0000)
  from space 15040K,  88% used [0x0000000088490000, 0x000000008918aa10, 0x0000000089340000)
  to   space 15040K,   0% used [0x00000000875e0000, 0x00000000875e0000, 0x0000000088490000)
 tenured generation   total 301168K, used 238706K [0x00000000aaaa0000, 0x00000000bd0bc000, 0x0000000100000000)
   the space 301168K,  79% used [0x00000000aaaa0000, 0x00000000b93bc8e8, 0x00000000b93bca00, 0x00000000bd0bc000)
 Metaspace       used 153315K, capacity 157205K, committed 157440K, reserved 1185792K
  class space    used 18725K, capacity 20196K, committed 20224K, reserved 1048576K
}
Event: 1846,723 GC heap before
{Heap before GC invocations=79 (full 7):
 def new generation   total 135744K, used 129209K [0x0000000080000000, 0x0000000089340000, 0x00000000aaaa0000)
  eden space 120704K,  96% used [0x0000000080000000, 0x0000000087133db0, 0x00000000875e0000)
  from space 15040K,  88% used [0x0000000088490000, 0x000000008918aa10, 0x0000000089340000)
  to   space 15040K,   0% used [0x00000000875e0000, 0x00000000875e0000, 0x0000000088490000)
 tenured generation   total 301168K, used 238706K [0x00000000aaaa0000, 0x00000000bd0bc000, 0x0000000100000000)
   the space 301168K,  79% used [0x00000000aaaa0000, 0x00000000b93bc8e8, 0x00000000b93bca00, 0x00000000bd0bc000)
 Metaspace       used 153422K, capacity 157286K, committed 157440K, reserved 1185792K
  class space    used 18727K, capacity 20198K, committed 20224K, reserved 1048576K
}
Event: 1846,810 GC heap after
{Heap after GC invocations=80 (full 7):
 def new generation   total 135744K, used 14989K [0x0000000080000000, 0x0000000089340000, 0x00000000aaaa0000)
  eden space 120704K,   0% used [0x0000000080000000, 0x0000000080000000, 0x00000000875e0000)
  from space 15040K,  99% used [0x00000000875e0000, 0x0000000088483418, 0x0000000088490000)
  to   space 15040K,   0% used [0x0000000088490000, 0x0000000088490000, 0x0000000089340000)
 tenured generation   total 301168K, used 245876K [0x00000000aaaa0000, 0x00000000bd0bc000, 0x0000000100000000)
   the space 301168K,  81% used [0x00000000aaaa0000, 0x00000000b9abd010, 0x00000000b9abd200, 0x00000000bd0bc000)
 Metaspace       used 153422K, capacity 157286K, committed 157440K, reserved 1185792K
  class space    used 18727K, capacity 20198K, committed 20224K, reserved 1048576K
}
Event: 1850,184 GC heap before
{Heap before GC invocations=80 (full 7):
 def new generation   total 135744K, used 135693K [0x0000000080000000, 0x0000000089340000, 0x00000000aaaa0000)
  eden space 120704K, 100% used [0x0000000080000000, 0x00000000875e0000, 0x00000000875e0000)
  from space 15040K,  99% used [0x00000000875e0000, 0x0000000088483418, 0x0000000088490000)
  to   space 15040K,   0% used [0x0000000088490000, 0x0000000088490000, 0x0000000089340000)
 tenured generation   total 301168K, used 245876K [0x00000000aaaa0000, 0x00000000bd0bc000, 0x0000000100000000)
   the space 301168K,  81% used [0x00000000aaaa0000, 0x00000000b9abd010, 0x00000000b9abd200, 0x00000000bd0bc000)
 Metaspace       used 153429K, capacity 157287K, committed 157440K, reserved 1185792K
  class space    used 18728K, capacity 20198K, committed 20224K, reserved 1048576K
}
Event: 1860,364 GC heap after
{Heap after GC invocations=81 (full 8):
 def new generation   total 135744K, used 0K [0x0000000080000000, 0x0000000089340000, 0x00000000aaaa0000)
  eden space 120704K,   0% used [0x0000000080000000, 0x0000000080000000, 0x00000000875e0000)
  from space 15040K,   0% used [0x0000000088490000, 0x0000000088490000, 0x0000000089340000)
  to   space 15040K,   0% used [0x00000000875e0000, 0x00000000875e0000, 0x0000000088490000)
 tenured generation   total 301168K, used 172930K [0x00000000aaaa0000, 0x00000000bd0bc000, 0x0000000100000000)
   the space 301168K,  57% used [0x00000000aaaa0000, 0x00000000b5380a10, 0x00000000b5380c00, 0x00000000bd0bc000)
 Metaspace       used 153429K, capacity 157287K, committed 157440K, reserved 1185792K
  class space    used 18728K, capacity 20198K, committed 20224K, reserved 1048576K
}

